<?xml version="1.0" encoding="UTF-8"?>
<testsuite name="com.ibm.ibmFirstApplication290717.IbmFirstApplication290717ApplicationTests" tests="0" skipped="0" failures="0" errors="0" timestamp="1970-01-01T00:00:00" hostname="IBM941-LR4PCH6" time="0.0">
  <properties/>
  <system-out><![CDATA[21:03:57.270 [Test worker] DEBUG org.springframework.test.context.junit4.SpringJUnit4ClassRunner - SpringJUnit4ClassRunner constructor called with [class com.ibm.ibmFirstApplication290717.IbmFirstApplication290717ApplicationTests]
21:03:57.289 [Test worker] DEBUG org.springframework.test.context.BootstrapUtils - Instantiating CacheAwareContextLoaderDelegate from class [org.springframework.test.context.cache.DefaultCacheAwareContextLoaderDelegate]
21:03:57.304 [Test worker] DEBUG org.springframework.test.context.BootstrapUtils - Instantiating BootstrapContext using constructor [public org.springframework.test.context.support.DefaultBootstrapContext(java.lang.Class,org.springframework.test.context.CacheAwareContextLoaderDelegate)]
21:03:57.321 [Test worker] DEBUG org.springframework.test.context.BootstrapUtils - Instantiating TestContextBootstrapper for test class [com.ibm.ibmFirstApplication290717.IbmFirstApplication290717ApplicationTests] from class [org.springframework.boot.test.context.SpringBootTestContextBootstrapper]
21:03:57.343 [Test worker] INFO org.springframework.boot.test.context.SpringBootTestContextBootstrapper - Neither @ContextConfiguration nor @ContextHierarchy found for test class [com.ibm.ibmFirstApplication290717.IbmFirstApplication290717ApplicationTests], using SpringBootContextLoader
21:03:57.348 [Test worker] DEBUG org.springframework.test.context.support.AbstractContextLoader - Did not detect default resource location for test class [com.ibm.ibmFirstApplication290717.IbmFirstApplication290717ApplicationTests]: class path resource [com/ibm/ibmFirstApplication290717/IbmFirstApplication290717ApplicationTests-context.xml] does not exist
21:03:57.348 [Test worker] DEBUG org.springframework.test.context.support.AbstractContextLoader - Did not detect default resource location for test class [com.ibm.ibmFirstApplication290717.IbmFirstApplication290717ApplicationTests]: class path resource [com/ibm/ibmFirstApplication290717/IbmFirstApplication290717ApplicationTestsContext.groovy] does not exist
21:03:57.349 [Test worker] INFO org.springframework.test.context.support.AbstractContextLoader - Could not detect default resource locations for test class [com.ibm.ibmFirstApplication290717.IbmFirstApplication290717ApplicationTests]: no resource found for suffixes {-context.xml, Context.groovy}.
21:03:57.350 [Test worker] INFO org.springframework.test.context.support.AnnotationConfigContextLoaderUtils - Could not detect default configuration classes for test class [com.ibm.ibmFirstApplication290717.IbmFirstApplication290717ApplicationTests]: IbmFirstApplication290717ApplicationTests does not declare any static, non-private, non-final, nested classes annotated with @Configuration.
21:03:57.426 [Test worker] DEBUG org.springframework.test.context.support.ActiveProfilesUtils - Could not find an 'annotation declaring class' for annotation type [org.springframework.test.context.ActiveProfiles] and class [com.ibm.ibmFirstApplication290717.IbmFirstApplication290717ApplicationTests]
21:03:57.436 [Test worker] DEBUG org.springframework.core.env.StandardEnvironment - Adding [systemProperties] PropertySource with lowest search precedence
21:03:57.436 [Test worker] DEBUG org.springframework.core.env.StandardEnvironment - Adding [systemEnvironment] PropertySource with lowest search precedence
21:03:57.437 [Test worker] DEBUG org.springframework.core.env.StandardEnvironment - Initialized StandardEnvironment with PropertySources [systemProperties,systemEnvironment]
21:03:57.452 [Test worker] DEBUG org.springframework.core.io.support.PathMatchingResourcePatternResolver - Resolved classpath location [com/ibm/ibmFirstApplication290717/] to resources [URL [file:/C:/IbmSpringCode/springBoot1/build/classes/test/com/ibm/ibmFirstApplication290717/]]
21:03:57.452 [Test worker] DEBUG org.springframework.core.io.support.PathMatchingResourcePatternResolver - Looking for matching resources in directory tree [C:\IbmSpringCode\springBoot1\build\classes\test\com\ibm\ibmFirstApplication290717]
21:03:57.453 [Test worker] DEBUG org.springframework.core.io.support.PathMatchingResourcePatternResolver - Searching directory [C:\IbmSpringCode\springBoot1\build\classes\test\com\ibm\ibmFirstApplication290717] for files matching pattern [C:/IbmSpringCode/springBoot1/build/classes/test/com/ibm/ibmFirstApplication290717/*.class]
21:03:57.458 [Test worker] DEBUG org.springframework.core.io.support.PathMatchingResourcePatternResolver - Resolved location pattern [classpath*:com/ibm/ibmFirstApplication290717/*.class] to resources [file [C:\IbmSpringCode\springBoot1\build\classes\test\com\ibm\ibmFirstApplication290717\IbmFirstApplication290717ApplicationTests.class]]
21:03:57.476 [Test worker] DEBUG org.springframework.core.io.support.PathMatchingResourcePatternResolver - Resolved classpath location [com/ibm/] to resources [URL [file:/C:/IbmSpringCode/springBoot1/build/classes/test/com/ibm/]]
21:03:57.476 [Test worker] DEBUG org.springframework.core.io.support.PathMatchingResourcePatternResolver - Looking for matching resources in directory tree [C:\IbmSpringCode\springBoot1\build\classes\test\com\ibm]
21:03:57.476 [Test worker] DEBUG org.springframework.core.io.support.PathMatchingResourcePatternResolver - Searching directory [C:\IbmSpringCode\springBoot1\build\classes\test\com\ibm] for files matching pattern [C:/IbmSpringCode/springBoot1/build/classes/test/com/ibm/*.class]
21:03:57.478 [Test worker] DEBUG org.springframework.core.io.support.PathMatchingResourcePatternResolver - Resolved location pattern [classpath*:com/ibm/*.class] to resources []
21:03:57.481 [Test worker] DEBUG org.springframework.core.io.support.PathMatchingResourcePatternResolver - Resolved classpath location [com/] to resources [URL [file:/C:/IbmSpringCode/springBoot1/build/classes/test/com/], URL [file:/C:/IbmSpringCode/springBoot1/build/classes/main/com/], URL [jar:file:/C:/Users/IBM_ADMIN/.gradle/caches/modules-2/files-2.1/org.mongodb/mongodb-driver/3.4.2/d565cc4db7fd756973b1500424577a503d17f48a/mongodb-driver-3.4.2.jar!/com/], URL [jar:file:/C:/Users/IBM_ADMIN/.gradle/caches/modules-2/files-2.1/com.fasterxml.jackson.core/jackson-annotations/2.8.0/45b426f7796b741035581a176744d91090e2e6fb/jackson-annotations-2.8.0.jar!/com/], URL [jar:file:/C:/Users/IBM_ADMIN/.gradle/caches/modules-2/files-2.1/com.fasterxml.jackson.core/jackson-databind/2.8.9/4dfca3975be3c1a98eacb829e70f02e9a71bc159/jackson-databind-2.8.9.jar!/com/], URL [jar:file:/C:/Users/IBM_ADMIN/.gradle/caches/modules-2/files-2.1/com.jayway.jsonpath/json-path/2.2.0/22290d17944bd239fabf5ac69005a60a7ecbbbcb/json-path-2.2.0.jar!/com/], URL [jar:file:/C:/Users/IBM_ADMIN/.gradle/caches/modules-2/files-2.1/org.mongodb/mongodb-driver-core/3.4.2/d0a18b4e46fe79467a71d7f9f1bc5932de670829/mongodb-driver-core-3.4.2.jar!/com/], URL [jar:file:/C:/Users/IBM_ADMIN/.gradle/caches/modules-2/files-2.1/com.fasterxml.jackson.core/jackson-core/2.8.9/569b1752705da98f49aabe2911cc956ff7d8ed9d/jackson-core-2.8.9.jar!/com/], URL [jar:file:/C:/Users/IBM_ADMIN/.gradle/caches/modules-2/files-2.1/com.fasterxml/classmate/1.3.3/864c8e370a691e343210cc7c532fc198cee460d8/classmate-1.3.3.jar!/com/]]
21:03:57.482 [Test worker] DEBUG org.springframework.core.io.support.PathMatchingResourcePatternResolver - Looking for matching resources in directory tree [C:\IbmSpringCode\springBoot1\build\classes\test\com]
21:03:57.482 [Test worker] DEBUG org.springframework.core.io.support.PathMatchingResourcePatternResolver - Searching directory [C:\IbmSpringCode\springBoot1\build\classes\test\com] for files matching pattern [C:/IbmSpringCode/springBoot1/build/classes/test/com/*.class]
21:03:57.485 [Test worker] DEBUG org.springframework.core.io.support.PathMatchingResourcePatternResolver - Looking for matching resources in directory tree [C:\IbmSpringCode\springBoot1\build\classes\main\com]
21:03:57.485 [Test worker] DEBUG org.springframework.core.io.support.PathMatchingResourcePatternResolver - Searching directory [C:\IbmSpringCode\springBoot1\build\classes\main\com] for files matching pattern [C:/IbmSpringCode/springBoot1/build/classes/main/com/*.class]
21:03:57.488 [Test worker] DEBUG org.springframework.core.io.support.PathMatchingResourcePatternResolver - Looking for matching resources in jar file [file:/C:/Users/IBM_ADMIN/.gradle/caches/modules-2/files-2.1/org.mongodb/mongodb-driver/3.4.2/d565cc4db7fd756973b1500424577a503d17f48a/mongodb-driver-3.4.2.jar]
21:03:57.494 [Test worker] DEBUG org.springframework.core.io.support.PathMatchingResourcePatternResolver - Looking for matching resources in jar file [file:/C:/Users/IBM_ADMIN/.gradle/caches/modules-2/files-2.1/com.fasterxml.jackson.core/jackson-annotations/2.8.0/45b426f7796b741035581a176744d91090e2e6fb/jackson-annotations-2.8.0.jar]
21:03:57.496 [Test worker] DEBUG org.springframework.core.io.support.PathMatchingResourcePatternResolver - Looking for matching resources in jar file [file:/C:/Users/IBM_ADMIN/.gradle/caches/modules-2/files-2.1/com.fasterxml.jackson.core/jackson-databind/2.8.9/4dfca3975be3c1a98eacb829e70f02e9a71bc159/jackson-databind-2.8.9.jar]
21:03:57.508 [Test worker] DEBUG org.springframework.core.io.support.PathMatchingResourcePatternResolver - Looking for matching resources in jar file [file:/C:/Users/IBM_ADMIN/.gradle/caches/modules-2/files-2.1/com.jayway.jsonpath/json-path/2.2.0/22290d17944bd239fabf5ac69005a60a7ecbbbcb/json-path-2.2.0.jar]
21:03:57.512 [Test worker] DEBUG org.springframework.core.io.support.PathMatchingResourcePatternResolver - Looking for matching resources in jar file [file:/C:/Users/IBM_ADMIN/.gradle/caches/modules-2/files-2.1/org.mongodb/mongodb-driver-core/3.4.2/d0a18b4e46fe79467a71d7f9f1bc5932de670829/mongodb-driver-core-3.4.2.jar]
21:03:57.518 [Test worker] DEBUG org.springframework.core.io.support.PathMatchingResourcePatternResolver - Looking for matching resources in jar file [file:/C:/Users/IBM_ADMIN/.gradle/caches/modules-2/files-2.1/com.fasterxml.jackson.core/jackson-core/2.8.9/569b1752705da98f49aabe2911cc956ff7d8ed9d/jackson-core-2.8.9.jar]
21:03:57.520 [Test worker] DEBUG org.springframework.core.io.support.PathMatchingResourcePatternResolver - Looking for matching resources in jar file [file:/C:/Users/IBM_ADMIN/.gradle/caches/modules-2/files-2.1/com.fasterxml/classmate/1.3.3/864c8e370a691e343210cc7c532fc198cee460d8/classmate-1.3.3.jar]
21:03:57.521 [Test worker] DEBUG org.springframework.core.io.support.PathMatchingResourcePatternResolver - Resolved location pattern [classpath*:com/*.class] to resources []
]]></system-out>
  <system-err><![CDATA[]]></system-err>
</testsuite>
